Connection successful
The server has started at 12/10/2018 00:24:40
The server has received client request at 12/10/2018 00:24:55
Artist name received: paul anka
The server has received client request at 12/10/2018 00:25:00
Artist name received: abba
The server was connected to the client for: 0:01:08.431239
Connection successful
The server has started at 12/10/2018 00:37:54
The server has received client request at 12/10/2018 00:38:13
Artist name received: paul anka
The server has received client request at 12/10/2018 00:38:17
Artist name received: me
The server has received client request at 12/10/2018 00:38:25
Artist name received: no
The server was connected to the client for: 0:00:17.665414
Connection successful
The server has started at 12/10/2018 00:41:54
The server has received client request at 12/10/2018 00:42:20
Artist name received: bla
The server was connected to the client for: 0:00:05.173163
